<?xml version="1.0" encoding="UTF-8"?>
<!-- Generated by org.testng.reporters.JUnitReportReporter -->
<testsuite hostname="Bhupesh" failures="0" tests="6" name="APITests.RestAssuredTest" time="4.495" errors="0" timestamp="08 Jan 2022 09:12:31 GMT" skipped="5">
  <testcase classname="APITests.RestAssuredTest" name="test2" time="4.495"/>
  <testcase classname="APITests.RestAssuredTest" name="test1">
    <skipped/>
  </testcase> <!-- test1 -->
  <testcase classname="APITests.RestAssuredTest" name="test5">
    <skipped/>
  </testcase> <!-- test5 -->
  <testcase classname="APITests.RestAssuredTest" name="test4">
    <skipped/>
  </testcase> <!-- test4 -->
  <testcase classname="APITests.RestAssuredTest" name="test3">
    <skipped/>
  </testcase> <!-- test3 -->
  <testcase classname="APITests.RestAssuredTest" name="test6">
    <skipped/>
  </testcase> <!-- test6 -->
</testsuite> <!-- APITests.RestAssuredTest -->
