<?xml version="1.0" encoding="UTF-8"?>
<!-- Generated by org.testng.reporters.JUnitReportReporter -->
<testsuite hostname="Bhupesh" failures="0" tests="2" name="NTUCIncomeTest.NTUCIncome" time="28.117" errors="0" timestamp="17 Jan 2022 14:43:24 GMT" skipped="0">
  <testcase classname="NTUCIncomeTest.NTUCIncome" name="GitHubAPI" time="16.938"/>
  <testcase classname="NTUCIncomeTest.NTUCIncome" name="GitHubWebUI" time="11.179"/>
</testsuite> <!-- NTUCIncomeTest.NTUCIncome -->
