<?xml version="1.0" encoding="UTF-8"?>
<!-- Generated by org.testng.reporters.JUnitReportReporter -->
<testsuite hostname="Bhupesh" failures="0" tests="2" name="APITests.NTUCIncome" time="45.722" errors="0" timestamp="17 Jan 2022 10:08:51 GMT" skipped="0">
  <testcase classname="APITests.NTUCIncome" name="GitHubWebUI" time="15.286"/>
  <testcase classname="APITests.NTUCIncome" name="GitHubAPI" time="30.436"/>
</testsuite> <!-- APITests.NTUCIncome -->
