<?xml version="1.0" encoding="UTF-8"?>
<!-- Generated by org.testng.reporters.JUnitReportReporter -->
<testsuite hostname="Bhupesh" failures="0" tests="1" name="APITests.NTUCIncomeAPI" time="15.348" errors="0" timestamp="16 Jan 2022 02:07:21 GMT" skipped="0">
  <testcase classname="APITests.NTUCIncomeAPI" name="GitHubAPI" time="15.348"/>
</testsuite> <!-- APITests.NTUCIncomeAPI -->
